2015/08/28 00:58:11 [error] [system.db.CDbCommand] CDbCommand::fetchAll() failed: SQLSTATE[42S02]: Base table or view not found: 1146 Table 'zhengsheng.post' doesn't exist. The SQL statement executed was: SHOW FULL COLUMNS FROM `post`.
2015/08/28 00:58:11 [error] [exception.CDbException] exception 'CDbException' with message 'The table "{{post}}" for active record class "Post" cannot be found in the database.' in /var/www/yii/framework/db/ar/CActiveRecord.php:2385
Stack trace:
#0 /var/www/yii/framework/db/ar/CActiveRecord.php(411): CActiveRecordMetaData->__construct(Object(Post))
#1 /var/www/yii/framework/db/ar/CActiveRecord.php(661): CActiveRecord->getMetaData()
#2 /var/www/yii/framework/db/ar/CActiveFinder.php(392): CActiveRecord->getTableSchema()
#3 /var/www/yii/framework/db/ar/CActiveFinder.php(47): CJoinElement->__construct(Object(CActiveFinder), Object(Post))
#4 /var/www/yii/framework/db/ar/CActiveRecord.php(912): CActiveFinder->__construct(Object(Post), 'commentCount')
#5 /var/www/yii/framework/db/ar/CActiveRecord.php(1609): CActiveRecord->getActiveFinder('commentCount')
#6 /var/www/yii/framework/web/CActiveDataProvider.php(228): CActiveRecord->count(Object(CDbCriteria))
#7 /var/www/yii/framework/web/CDataProvider.php(224): CActiveDataProvider->calculateTotalItemCount()
#8 /var/www/yii/framework/web/CActiveDataProvider.php(178): CDataProvider->getTotalItemCount()
#9 /var/www/yii/framework/web/CDataProvider.php(168): CActiveDataProvider->fetchData()
#10 /var/www/yii/framework/zii/widgets/CBaseListView.php(125): CDataProvider->getData()
#11 /var/www/yii/framework/zii/widgets/CListView.php(211): CBaseListView->init()
#12 /var/www/yii/framework/web/CBaseController.php(147): CListView->init()
#13 /var/www/yii/framework/web/CBaseController.php(180): CBaseController->createWidget('zii.widgets.CLi...', Array)
#14 /var/www/yii/protected/views/post/index.php(9): CBaseController->widget('zii.widgets.CLi...', Array)
#15 /var/www/yii/framework/web/CBaseController.php(126): require('/var/www/yii/pr...')
#16 /var/www/yii/framework/web/CBaseController.php(95): CBaseController->renderInternal('/var/www/yii/pr...', Array, true)
#17 /var/www/yii/framework/web/CController.php(869): CBaseController->renderFile('/var/www/yii/pr...', Array, true)
#18 /var/www/yii/framework/web/CController.php(782): CController->renderPartial('index', Array, true)
#19 /var/www/yii/protected/controllers/PostController.php(136): CController->render('index', Array)
#20 /var/www/yii/framework/web/actions/CInlineAction.php(49): PostController->actionIndex()
#21 /var/www/yii/framework/web/CController.php(308): CInlineAction->runWithParams(Array)
#22 /var/www/yii/framework/web/filters/CFilterChain.php(133): CController->runAction(Object(CInlineAction))
#23 /var/www/yii/framework/web/filters/CFilter.php(40): CFilterChain->run()
#24 /var/www/yii/framework/web/CController.php(1145): CFilter->filter(Object(CFilterChain))
#25 /var/www/yii/framework/web/filters/CInlineFilter.php(58): CController->filterAccessControl(Object(CFilterChain))
#26 /var/www/yii/framework/web/filters/CFilterChain.php(130): CInlineFilter->filter(Object(CFilterChain))
#27 /var/www/yii/framework/web/CController.php(291): CFilterChain->run()
#28 /var/www/yii/framework/web/CController.php(265): CController->runActionWithFilters(Object(CInlineAction), Array)
#29 /var/www/yii/framework/web/CWebApplication.php(282): CController->run('')
#30 /var/www/yii/framework/web/CWebApplication.php(141): CWebApplication->runController('')
#31 /var/www/yii/framework/base/CApplication.php(184): CWebApplication->processRequest()
#32 /var/www/yii/index.php(11): CApplication->run()
#33 {main}
REQUEST_URI=/yii/
---
2015/08/28 00:58:11 [error] [system.db.CDbCommand] CDbCommand::fetchAll() failed: SQLSTATE[42S02]: Base table or view not found: 1146 Table 'zhengsheng.post' doesn't exist. The SQL statement executed was: SHOW FULL COLUMNS FROM `post`.
2015/08/28 00:58:11 [error] [exception.CDbException] exception 'CDbException' with message 'The table "{{post}}" for active record class "Post" cannot be found in the database.' in /var/www/yii/framework/db/ar/CActiveRecord.php:2385
Stack trace:
#0 /var/www/yii/framework/db/ar/CActiveRecord.php(411): CActiveRecordMetaData->__construct(Object(Post))
#1 /var/www/yii/framework/db/ar/CActiveRecord.php(661): CActiveRecord->getMetaData()
#2 /var/www/yii/framework/db/ar/CActiveFinder.php(392): CActiveRecord->getTableSchema()
#3 /var/www/yii/framework/db/ar/CActiveFinder.php(47): CJoinElement->__construct(Object(CActiveFinder), Object(Post))
#4 /var/www/yii/framework/db/ar/CActiveRecord.php(912): CActiveFinder->__construct(Object(Post), 'commentCount')
#5 /var/www/yii/framework/db/ar/CActiveRecord.php(1609): CActiveRecord->getActiveFinder('commentCount')
#6 /var/www/yii/framework/web/CActiveDataProvider.php(228): CActiveRecord->count(Object(CDbCriteria))
#7 /var/www/yii/framework/web/CDataProvider.php(224): CActiveDataProvider->calculateTotalItemCount()
#8 /var/www/yii/framework/web/CActiveDataProvider.php(178): CDataProvider->getTotalItemCount()
#9 /var/www/yii/framework/web/CDataProvider.php(168): CActiveDataProvider->fetchData()
#10 /var/www/yii/framework/zii/widgets/CBaseListView.php(125): CDataProvider->getData()
#11 /var/www/yii/framework/zii/widgets/CListView.php(211): CBaseListView->init()
#12 /var/www/yii/framework/web/CBaseController.php(147): CListView->init()
#13 /var/www/yii/framework/web/CBaseController.php(180): CBaseController->createWidget('zii.widgets.CLi...', Array)
#14 /var/www/yii/protected/views/post/index.php(9): CBaseController->widget('zii.widgets.CLi...', Array)
#15 /var/www/yii/framework/web/CBaseController.php(126): require('/var/www/yii/pr...')
#16 /var/www/yii/framework/web/CBaseController.php(95): CBaseController->renderInternal('/var/www/yii/pr...', Array, true)
#17 /var/www/yii/framework/web/CController.php(869): CBaseController->renderFile('/var/www/yii/pr...', Array, true)
#18 /var/www/yii/framework/web/CController.php(782): CController->renderPartial('index', Array, true)
#19 /var/www/yii/protected/controllers/PostController.php(136): CController->render('index', Array)
#20 /var/www/yii/framework/web/actions/CInlineAction.php(49): PostController->actionIndex()
#21 /var/www/yii/framework/web/CController.php(308): CInlineAction->runWithParams(Array)
#22 /var/www/yii/framework/web/filters/CFilterChain.php(133): CController->runAction(Object(CInlineAction))
#23 /var/www/yii/framework/web/filters/CFilter.php(40): CFilterChain->run()
#24 /var/www/yii/framework/web/CController.php(1145): CFilter->filter(Object(CFilterChain))
#25 /var/www/yii/framework/web/filters/CInlineFilter.php(58): CController->filterAccessControl(Object(CFilterChain))
#26 /var/www/yii/framework/web/filters/CFilterChain.php(130): CInlineFilter->filter(Object(CFilterChain))
#27 /var/www/yii/framework/web/CController.php(291): CFilterChain->run()
#28 /var/www/yii/framework/web/CController.php(265): CController->runActionWithFilters(Object(CInlineAction), Array)
#29 /var/www/yii/framework/web/CWebApplication.php(282): CController->run('')
#30 /var/www/yii/framework/web/CWebApplication.php(141): CWebApplication->runController('')
#31 /var/www/yii/framework/base/CApplication.php(184): CWebApplication->processRequest()
#32 /var/www/yii/index.php(11): CApplication->run()
#33 {main}
REQUEST_URI=/yii/
---
2015/08/28 00:58:47 [error] [exception.CHttpException.404] exception 'CHttpException' with message 'Unable to resolve the request "gii".' in /var/www/yii/framework/web/CWebApplication.php:286
Stack trace:
#0 /var/www/yii/framework/web/CWebApplication.php(141): CWebApplication->runController('gii')
#1 /var/www/yii/framework/base/CApplication.php(184): CWebApplication->processRequest()
#2 /var/www/yii/index.php(11): CApplication->run()
#3 {main}
REQUEST_URI=/yii/index.php/gii
---
2015/08/28 00:58:47 [error] [exception.CHttpException.404] exception 'CHttpException' with message 'Unable to resolve the request "gii".' in /var/www/yii/framework/web/CWebApplication.php:286
Stack trace:
#0 /var/www/yii/framework/web/CWebApplication.php(141): CWebApplication->runController('gii')
#1 /var/www/yii/framework/base/CApplication.php(184): CWebApplication->processRequest()
#2 /var/www/yii/index.php(11): CApplication->run()
#3 {main}
REQUEST_URI=/yii/index.php/gii
---
2015/08/28 00:58:56 [error] [system.db.CDbCommand] CDbCommand::fetchAll() failed: SQLSTATE[42S02]: Base table or view not found: 1146 Table 'zhengsheng.post' doesn't exist. The SQL statement executed was: SHOW FULL COLUMNS FROM `post`.
2015/08/28 00:58:56 [error] [exception.CDbException] exception 'CDbException' with message 'The table "{{post}}" for active record class "Post" cannot be found in the database.' in /var/www/yii/framework/db/ar/CActiveRecord.php:2385
Stack trace:
#0 /var/www/yii/framework/db/ar/CActiveRecord.php(411): CActiveRecordMetaData->__construct(Object(Post))
#1 /var/www/yii/framework/db/ar/CActiveRecord.php(661): CActiveRecord->getMetaData()
#2 /var/www/yii/framework/db/ar/CActiveFinder.php(392): CActiveRecord->getTableSchema()
#3 /var/www/yii/framework/db/ar/CActiveFinder.php(47): CJoinElement->__construct(Object(CActiveFinder), Object(Post))
#4 /var/www/yii/framework/db/ar/CActiveRecord.php(912): CActiveFinder->__construct(Object(Post), 'commentCount')
#5 /var/www/yii/framework/db/ar/CActiveRecord.php(1609): CActiveRecord->getActiveFinder('commentCount')
#6 /var/www/yii/framework/web/CActiveDataProvider.php(228): CActiveRecord->count(Object(CDbCriteria))
#7 /var/www/yii/framework/web/CDataProvider.php(224): CActiveDataProvider->calculateTotalItemCount()
#8 /var/www/yii/framework/web/CActiveDataProvider.php(178): CDataProvider->getTotalItemCount()
#9 /var/www/yii/framework/web/CDataProvider.php(168): CActiveDataProvider->fetchData()
#10 /var/www/yii/framework/zii/widgets/CBaseListView.php(125): CDataProvider->getData()
#11 /var/www/yii/framework/zii/widgets/CListView.php(211): CBaseListView->init()
#12 /var/www/yii/framework/web/CBaseController.php(147): CListView->init()
#13 /var/www/yii/framework/web/CBaseController.php(180): CBaseController->createWidget('zii.widgets.CLi...', Array)
#14 /var/www/yii/protected/views/post/index.php(9): CBaseController->widget('zii.widgets.CLi...', Array)
#15 /var/www/yii/framework/web/CBaseController.php(126): require('/var/www/yii/pr...')
#16 /var/www/yii/framework/web/CBaseController.php(95): CBaseController->renderInternal('/var/www/yii/pr...', Array, true)
#17 /var/www/yii/framework/web/CController.php(869): CBaseController->renderFile('/var/www/yii/pr...', Array, true)
#18 /var/www/yii/framework/web/CController.php(782): CController->renderPartial('index', Array, true)
#19 /var/www/yii/protected/controllers/PostController.php(136): CController->render('index', Array)
#20 /var/www/yii/framework/web/actions/CInlineAction.php(49): PostController->actionIndex()
#21 /var/www/yii/framework/web/CController.php(308): CInlineAction->runWithParams(Array)
#22 /var/www/yii/framework/web/filters/CFilterChain.php(133): CController->runAction(Object(CInlineAction))
#23 /var/www/yii/framework/web/filters/CFilter.php(40): CFilterChain->run()
#24 /var/www/yii/framework/web/CController.php(1145): CFilter->filter(Object(CFilterChain))
#25 /var/www/yii/framework/web/filters/CInlineFilter.php(58): CController->filterAccessControl(Object(CFilterChain))
#26 /var/www/yii/framework/web/filters/CFilterChain.php(130): CInlineFilter->filter(Object(CFilterChain))
#27 /var/www/yii/framework/web/CController.php(291): CFilterChain->run()
#28 /var/www/yii/framework/web/CController.php(265): CController->runActionWithFilters(Object(CInlineAction), Array)
#29 /var/www/yii/framework/web/CWebApplication.php(282): CController->run('')
#30 /var/www/yii/framework/web/CWebApplication.php(141): CWebApplication->runController(false)
#31 /var/www/yii/framework/base/CApplication.php(184): CWebApplication->processRequest()
#32 /var/www/yii/index.php(11): CApplication->run()
#33 {main}
REQUEST_URI=/yii/index.php?controller=gii
---
2015/08/28 00:58:57 [error] [system.db.CDbCommand] CDbCommand::fetchAll() failed: SQLSTATE[42S02]: Base table or view not found: 1146 Table 'zhengsheng.post' doesn't exist. The SQL statement executed was: SHOW FULL COLUMNS FROM `post`.
2015/08/28 00:58:57 [error] [exception.CDbException] exception 'CDbException' with message 'The table "{{post}}" for active record class "Post" cannot be found in the database.' in /var/www/yii/framework/db/ar/CActiveRecord.php:2385
Stack trace:
#0 /var/www/yii/framework/db/ar/CActiveRecord.php(411): CActiveRecordMetaData->__construct(Object(Post))
#1 /var/www/yii/framework/db/ar/CActiveRecord.php(661): CActiveRecord->getMetaData()
#2 /var/www/yii/framework/db/ar/CActiveFinder.php(392): CActiveRecord->getTableSchema()
#3 /var/www/yii/framework/db/ar/CActiveFinder.php(47): CJoinElement->__construct(Object(CActiveFinder), Object(Post))
#4 /var/www/yii/framework/db/ar/CActiveRecord.php(912): CActiveFinder->__construct(Object(Post), 'commentCount')
#5 /var/www/yii/framework/db/ar/CActiveRecord.php(1609): CActiveRecord->getActiveFinder('commentCount')
#6 /var/www/yii/framework/web/CActiveDataProvider.php(228): CActiveRecord->count(Object(CDbCriteria))
#7 /var/www/yii/framework/web/CDataProvider.php(224): CActiveDataProvider->calculateTotalItemCount()
#8 /var/www/yii/framework/web/CActiveDataProvider.php(178): CDataProvider->getTotalItemCount()
#9 /var/www/yii/framework/web/CDataProvider.php(168): CActiveDataProvider->fetchData()
#10 /var/www/yii/framework/zii/widgets/CBaseListView.php(125): CDataProvider->getData()
#11 /var/www/yii/framework/zii/widgets/CListView.php(211): CBaseListView->init()
#12 /var/www/yii/framework/web/CBaseController.php(147): CListView->init()
#13 /var/www/yii/framework/web/CBaseController.php(180): CBaseController->createWidget('zii.widgets.CLi...', Array)
#14 /var/www/yii/protected/views/post/index.php(9): CBaseController->widget('zii.widgets.CLi...', Array)
#15 /var/www/yii/framework/web/CBaseController.php(126): require('/var/www/yii/pr...')
#16 /var/www/yii/framework/web/CBaseController.php(95): CBaseController->renderInternal('/var/www/yii/pr...', Array, true)
#17 /var/www/yii/framework/web/CController.php(869): CBaseController->renderFile('/var/www/yii/pr...', Array, true)
#18 /var/www/yii/framework/web/CController.php(782): CController->renderPartial('index', Array, true)
#19 /var/www/yii/protected/controllers/PostController.php(136): CController->render('index', Array)
#20 /var/www/yii/framework/web/actions/CInlineAction.php(49): PostController->actionIndex()
#21 /var/www/yii/framework/web/CController.php(308): CInlineAction->runWithParams(Array)
#22 /var/www/yii/framework/web/filters/CFilterChain.php(133): CController->runAction(Object(CInlineAction))
#23 /var/www/yii/framework/web/filters/CFilter.php(40): CFilterChain->run()
#24 /var/www/yii/framework/web/CController.php(1145): CFilter->filter(Object(CFilterChain))
#25 /var/www/yii/framework/web/filters/CInlineFilter.php(58): CController->filterAccessControl(Object(CFilterChain))
#26 /var/www/yii/framework/web/filters/CFilterChain.php(130): CInlineFilter->filter(Object(CFilterChain))
#27 /var/www/yii/framework/web/CController.php(291): CFilterChain->run()
#28 /var/www/yii/framework/web/CController.php(265): CController->runActionWithFilters(Object(CInlineAction), Array)
#29 /var/www/yii/framework/web/CWebApplication.php(282): CController->run('')
#30 /var/www/yii/framework/web/CWebApplication.php(141): CWebApplication->runController(false)
#31 /var/www/yii/framework/base/CApplication.php(184): CWebApplication->processRequest()
#32 /var/www/yii/index.php(11): CApplication->run()
#33 {main}
REQUEST_URI=/yii/index.php?controller=gii
---
2015/08/28 01:01:10 [error] [system.db.CDbCommand] CDbCommand::fetchAll() failed: SQLSTATE[42S02]: Base table or view not found: 1146 Table 'zhengsheng.post' doesn't exist. The SQL statement executed was: SHOW FULL COLUMNS FROM `post`.
2015/08/28 01:01:10 [error] [exception.CDbException] exception 'CDbException' with message 'The table "{{post}}" for active record class "Post" cannot be found in the database.' in /var/www/yii/framework/db/ar/CActiveRecord.php:2385
Stack trace:
#0 /var/www/yii/framework/db/ar/CActiveRecord.php(411): CActiveRecordMetaData->__construct(Object(Post))
#1 /var/www/yii/framework/db/ar/CActiveRecord.php(661): CActiveRecord->getMetaData()
#2 /var/www/yii/framework/db/ar/CActiveFinder.php(392): CActiveRecord->getTableSchema()
#3 /var/www/yii/framework/db/ar/CActiveFinder.php(47): CJoinElement->__construct(Object(CActiveFinder), Object(Post))
#4 /var/www/yii/framework/db/ar/CActiveRecord.php(912): CActiveFinder->__construct(Object(Post), 'commentCount')
#5 /var/www/yii/framework/db/ar/CActiveRecord.php(1609): CActiveRecord->getActiveFinder('commentCount')
#6 /var/www/yii/framework/web/CActiveDataProvider.php(228): CActiveRecord->count(Object(CDbCriteria))
#7 /var/www/yii/framework/web/CDataProvider.php(224): CActiveDataProvider->calculateTotalItemCount()
#8 /var/www/yii/framework/web/CActiveDataProvider.php(178): CDataProvider->getTotalItemCount()
#9 /var/www/yii/framework/web/CDataProvider.php(168): CActiveDataProvider->fetchData()
#10 /var/www/yii/framework/zii/widgets/CBaseListView.php(125): CDataProvider->getData()
#11 /var/www/yii/framework/zii/widgets/CListView.php(211): CBaseListView->init()
#12 /var/www/yii/framework/web/CBaseController.php(147): CListView->init()
#13 /var/www/yii/framework/web/CBaseController.php(180): CBaseController->createWidget('zii.widgets.CLi...', Array)
#14 /var/www/yii/protected/views/post/index.php(9): CBaseController->widget('zii.widgets.CLi...', Array)
#15 /var/www/yii/framework/web/CBaseController.php(126): require('/var/www/yii/pr...')
#16 /var/www/yii/framework/web/CBaseController.php(95): CBaseController->renderInternal('/var/www/yii/pr...', Array, true)
#17 /var/www/yii/framework/web/CController.php(869): CBaseController->renderFile('/var/www/yii/pr...', Array, true)
#18 /var/www/yii/framework/web/CController.php(782): CController->renderPartial('index', Array, true)
#19 /var/www/yii/protected/controllers/PostController.php(136): CController->render('index', Array)
#20 /var/www/yii/framework/web/actions/CInlineAction.php(49): PostController->actionIndex()
#21 /var/www/yii/framework/web/CController.php(308): CInlineAction->runWithParams(Array)
#22 /var/www/yii/framework/web/filters/CFilterChain.php(133): CController->runAction(Object(CInlineAction))
#23 /var/www/yii/framework/web/filters/CFilter.php(40): CFilterChain->run()
#24 /var/www/yii/framework/web/CController.php(1145): CFilter->filter(Object(CFilterChain))
#25 /var/www/yii/framework/web/filters/CInlineFilter.php(58): CController->filterAccessControl(Object(CFilterChain))
#26 /var/www/yii/framework/web/filters/CFilterChain.php(130): CInlineFilter->filter(Object(CFilterChain))
#27 /var/www/yii/framework/web/CController.php(291): CFilterChain->run()
#28 /var/www/yii/framework/web/CController.php(265): CController->runActionWithFilters(Object(CInlineAction), Array)
#29 /var/www/yii/framework/web/CWebApplication.php(282): CController->run('')
#30 /var/www/yii/framework/web/CWebApplication.php(141): CWebApplication->runController('')
#31 /var/www/yii/framework/base/CApplication.php(184): CWebApplication->processRequest()
#32 /var/www/yii/index.php(11): CApplication->run()
#33 {main}
REQUEST_URI=/yii/
---
2015/08/28 01:02:15 [error] [system.db.CDbCommand] CDbCommand::fetchAll() failed: SQLSTATE[42S02]: Base table or view not found: 1146 Table 'zhengsheng.tag' doesn't exist. The SQL statement executed was: SHOW FULL COLUMNS FROM `tag`.
2015/08/28 01:02:15 [error] [exception.CDbException] exception 'CDbException' with message 'The table "{{tag}}" for active record class "Tag" cannot be found in the database.' in /var/www/yii/framework/db/ar/CActiveRecord.php:2385
Stack trace:
#0 /var/www/yii/framework/db/ar/CActiveRecord.php(411): CActiveRecordMetaData->__construct(Object(Tag))
#1 /var/www/yii/framework/db/ar/CActiveRecord.php(661): CActiveRecord->getMetaData()
#2 /var/www/yii/framework/db/ar/CActiveRecord.php(1355): CActiveRecord->getTableSchema()
#3 /var/www/yii/framework/db/ar/CActiveRecord.php(1475): CActiveRecord->query(Object(CDbCriteria), true)
#4 /var/www/yii/protected/models/Tag.php(75): CActiveRecord->findAll(Array)
#5 /var/www/yii/protected/components/TagCloud.php(12): Tag->findTagWeights(20)
#6 /var/www/yii/framework/zii/widgets/CPortlet.php(97): TagCloud->renderContent()
#7 /var/www/yii/framework/web/CBaseController.php(181): CPortlet->run()
#8 /var/www/yii/protected/views/layouts/column2.php(14): CBaseController->widget('TagCloud', Array)
#9 /var/www/yii/framework/web/CBaseController.php(126): require('/var/www/yii/pr...')
#10 /var/www/yii/framework/web/CBaseController.php(95): CBaseController->renderInternal('/var/www/yii/pr...', Array, true)
#11 /var/www/yii/framework/web/CController.php(784): CBaseController->renderFile('/var/www/yii/pr...', Array, true)
#12 /var/www/yii/protected/controllers/BjController.php(128): CController->render('index', Array)
#13 /var/www/yii/framework/web/actions/CInlineAction.php(49): BjController->actionIndex()
#14 /var/www/yii/framework/web/CController.php(308): CInlineAction->runWithParams(Array)
#15 /var/www/yii/framework/web/filters/CFilterChain.php(133): CController->runAction(Object(CInlineAction))
#16 /var/www/yii/framework/web/filters/CFilter.php(40): CFilterChain->run()
#17 /var/www/yii/framework/web/CController.php(1145): CFilter->filter(Object(CFilterChain))
#18 /var/www/yii/framework/web/filters/CInlineFilter.php(58): CController->filterAccessControl(Object(CFilterChain))
#19 /var/www/yii/framework/web/filters/CFilterChain.php(130): CInlineFilter->filter(Object(CFilterChain))
#20 /var/www/yii/framework/web/CController.php(291): CFilterChain->run()
#21 /var/www/yii/framework/web/CController.php(265): CController->runActionWithFilters(Object(CInlineAction), Array)
#22 /var/www/yii/framework/web/CWebApplication.php(282): CController->run('')
#23 /var/www/yii/framework/web/CWebApplication.php(141): CWebApplication->runController('bj')
#24 /var/www/yii/framework/base/CApplication.php(184): CWebApplication->processRequest()
#25 /var/www/yii/index.php(11): CApplication->run()
#26 {main}
REQUEST_URI=/yii/index.php/bj
---
2015/08/28 01:02:15 [error] [system.db.CDbCommand] CDbCommand::fetchAll() failed: SQLSTATE[42S02]: Base table or view not found: 1146 Table 'zhengsheng.tag' doesn't exist. The SQL statement executed was: SHOW FULL COLUMNS FROM `tag`.
2015/08/28 01:02:15 [error] [exception.CDbException] exception 'CDbException' with message 'The table "{{tag}}" for active record class "Tag" cannot be found in the database.' in /var/www/yii/framework/db/ar/CActiveRecord.php:2385
Stack trace:
#0 /var/www/yii/framework/db/ar/CActiveRecord.php(411): CActiveRecordMetaData->__construct(Object(Tag))
#1 /var/www/yii/framework/db/ar/CActiveRecord.php(661): CActiveRecord->getMetaData()
#2 /var/www/yii/framework/db/ar/CActiveRecord.php(1355): CActiveRecord->getTableSchema()
#3 /var/www/yii/framework/db/ar/CActiveRecord.php(1475): CActiveRecord->query(Object(CDbCriteria), true)
#4 /var/www/yii/protected/models/Tag.php(75): CActiveRecord->findAll(Array)
#5 /var/www/yii/protected/components/TagCloud.php(12): Tag->findTagWeights(20)
#6 /var/www/yii/framework/zii/widgets/CPortlet.php(97): TagCloud->renderContent()
#7 /var/www/yii/framework/web/CBaseController.php(181): CPortlet->run()
#8 /var/www/yii/protected/views/layouts/column2.php(14): CBaseController->widget('TagCloud', Array)
#9 /var/www/yii/framework/web/CBaseController.php(126): require('/var/www/yii/pr...')
#10 /var/www/yii/framework/web/CBaseController.php(95): CBaseController->renderInternal('/var/www/yii/pr...', Array, true)
#11 /var/www/yii/framework/web/CController.php(784): CBaseController->renderFile('/var/www/yii/pr...', Array, true)
#12 /var/www/yii/protected/controllers/BjController.php(128): CController->render('index', Array)
#13 /var/www/yii/framework/web/actions/CInlineAction.php(49): BjController->actionIndex()
#14 /var/www/yii/framework/web/CController.php(308): CInlineAction->runWithParams(Array)
#15 /var/www/yii/framework/web/filters/CFilterChain.php(133): CController->runAction(Object(CInlineAction))
#16 /var/www/yii/framework/web/filters/CFilter.php(40): CFilterChain->run()
#17 /var/www/yii/framework/web/CController.php(1145): CFilter->filter(Object(CFilterChain))
#18 /var/www/yii/framework/web/filters/CInlineFilter.php(58): CController->filterAccessControl(Object(CFilterChain))
#19 /var/www/yii/framework/web/filters/CFilterChain.php(130): CInlineFilter->filter(Object(CFilterChain))
#20 /var/www/yii/framework/web/CController.php(291): CFilterChain->run()
#21 /var/www/yii/framework/web/CController.php(265): CController->runActionWithFilters(Object(CInlineAction), Array)
#22 /var/www/yii/framework/web/CWebApplication.php(282): CController->run('')
#23 /var/www/yii/framework/web/CWebApplication.php(141): CWebApplication->runController('bj')
#24 /var/www/yii/framework/base/CApplication.php(184): CWebApplication->processRequest()
#25 /var/www/yii/index.php(11): CApplication->run()
#26 {main}
REQUEST_URI=/yii/index.php/bj
---
2015/08/28 01:03:07 [error] [system.db.CDbCommand] CDbCommand::fetchAll() failed: SQLSTATE[42S02]: Base table or view not found: 1146 Table 'zhengsheng.tag' doesn't exist. The SQL statement executed was: SHOW FULL COLUMNS FROM `tag`.
2015/08/28 01:03:07 [error] [exception.CDbException] exception 'CDbException' with message 'The table "{{tag}}" for active record class "Tag" cannot be found in the database.' in /var/www/yii/framework/db/ar/CActiveRecord.php:2385
Stack trace:
#0 /var/www/yii/framework/db/ar/CActiveRecord.php(411): CActiveRecordMetaData->__construct(Object(Tag))
#1 /var/www/yii/framework/db/ar/CActiveRecord.php(661): CActiveRecord->getMetaData()
#2 /var/www/yii/framework/db/ar/CActiveRecord.php(1355): CActiveRecord->getTableSchema()
#3 /var/www/yii/framework/db/ar/CActiveRecord.php(1475): CActiveRecord->query(Object(CDbCriteria), true)
#4 /var/www/yii/protected/models/Tag.php(75): CActiveRecord->findAll(Array)
#5 /var/www/yii/protected/components/TagCloud.php(12): Tag->findTagWeights(20)
#6 /var/www/yii/framework/zii/widgets/CPortlet.php(97): TagCloud->renderContent()
#7 /var/www/yii/framework/web/CBaseController.php(181): CPortlet->run()
#8 /var/www/yii/protected/views/layouts/column2.php(14): CBaseController->widget('TagCloud', Array)
#9 /var/www/yii/framework/web/CBaseController.php(126): require('/var/www/yii/pr...')
#10 /var/www/yii/framework/web/CBaseController.php(95): CBaseController->renderInternal('/var/www/yii/pr...', Array, true)
#11 /var/www/yii/framework/web/CController.php(784): CBaseController->renderFile('/var/www/yii/pr...', Array, true)
#12 /var/www/yii/protected/controllers/BjController.php(128): CController->render('index', Array)
#13 /var/www/yii/framework/web/actions/CInlineAction.php(49): BjController->actionIndex()
#14 /var/www/yii/framework/web/CController.php(308): CInlineAction->runWithParams(Array)
#15 /var/www/yii/framework/web/filters/CFilterChain.php(133): CController->runAction(Object(CInlineAction))
#16 /var/www/yii/framework/web/filters/CFilter.php(40): CFilterChain->run()
#17 /var/www/yii/framework/web/CController.php(1145): CFilter->filter(Object(CFilterChain))
#18 /var/www/yii/framework/web/filters/CInlineFilter.php(58): CController->filterAccessControl(Object(CFilterChain))
#19 /var/www/yii/framework/web/filters/CFilterChain.php(130): CInlineFilter->filter(Object(CFilterChain))
#20 /var/www/yii/framework/web/CController.php(291): CFilterChain->run()
#21 /var/www/yii/framework/web/CController.php(265): CController->runActionWithFilters(Object(CInlineAction), Array)
#22 /var/www/yii/framework/web/CWebApplication.php(282): CController->run('index')
#23 /var/www/yii/framework/web/CWebApplication.php(141): CWebApplication->runController('bj/index')
#24 /var/www/yii/framework/base/CApplication.php(184): CWebApplication->processRequest()
#25 /var/www/yii/index.php(11): CApplication->run()
#26 {main}
REQUEST_URI=/yii/index.php/bj/index
---
2015/08/28 01:03:07 [error] [system.db.CDbCommand] CDbCommand::fetchAll() failed: SQLSTATE[42S02]: Base table or view not found: 1146 Table 'zhengsheng.tag' doesn't exist. The SQL statement executed was: SHOW FULL COLUMNS FROM `tag`.
2015/08/28 01:03:07 [error] [exception.CDbException] exception 'CDbException' with message 'The table "{{tag}}" for active record class "Tag" cannot be found in the database.' in /var/www/yii/framework/db/ar/CActiveRecord.php:2385
Stack trace:
#0 /var/www/yii/framework/db/ar/CActiveRecord.php(411): CActiveRecordMetaData->__construct(Object(Tag))
#1 /var/www/yii/framework/db/ar/CActiveRecord.php(661): CActiveRecord->getMetaData()
#2 /var/www/yii/framework/db/ar/CActiveRecord.php(1355): CActiveRecord->getTableSchema()
#3 /var/www/yii/framework/db/ar/CActiveRecord.php(1475): CActiveRecord->query(Object(CDbCriteria), true)
#4 /var/www/yii/protected/models/Tag.php(75): CActiveRecord->findAll(Array)
#5 /var/www/yii/protected/components/TagCloud.php(12): Tag->findTagWeights(20)
#6 /var/www/yii/framework/zii/widgets/CPortlet.php(97): TagCloud->renderContent()
#7 /var/www/yii/framework/web/CBaseController.php(181): CPortlet->run()
#8 /var/www/yii/protected/views/layouts/column2.php(14): CBaseController->widget('TagCloud', Array)
#9 /var/www/yii/framework/web/CBaseController.php(126): require('/var/www/yii/pr...')
#10 /var/www/yii/framework/web/CBaseController.php(95): CBaseController->renderInternal('/var/www/yii/pr...', Array, true)
#11 /var/www/yii/framework/web/CController.php(784): CBaseController->renderFile('/var/www/yii/pr...', Array, true)
#12 /var/www/yii/protected/controllers/BjController.php(128): CController->render('index', Array)
#13 /var/www/yii/framework/web/actions/CInlineAction.php(49): BjController->actionIndex()
#14 /var/www/yii/framework/web/CController.php(308): CInlineAction->runWithParams(Array)
#15 /var/www/yii/framework/web/filters/CFilterChain.php(133): CController->runAction(Object(CInlineAction))
#16 /var/www/yii/framework/web/filters/CFilter.php(40): CFilterChain->run()
#17 /var/www/yii/framework/web/CController.php(1145): CFilter->filter(Object(CFilterChain))
#18 /var/www/yii/framework/web/filters/CInlineFilter.php(58): CController->filterAccessControl(Object(CFilterChain))
#19 /var/www/yii/framework/web/filters/CFilterChain.php(130): CInlineFilter->filter(Object(CFilterChain))
#20 /var/www/yii/framework/web/CController.php(291): CFilterChain->run()
#21 /var/www/yii/framework/web/CController.php(265): CController->runActionWithFilters(Object(CInlineAction), Array)
#22 /var/www/yii/framework/web/CWebApplication.php(282): CController->run('index')
#23 /var/www/yii/framework/web/CWebApplication.php(141): CWebApplication->runController('bj/index')
#24 /var/www/yii/framework/base/CApplication.php(184): CWebApplication->processRequest()
#25 /var/www/yii/index.php(11): CApplication->run()
#26 {main}
REQUEST_URI=/yii/index.php/bj/index
---
2015/08/28 01:03:18 [error] [exception.CHttpException.404] exception 'CHttpException' with message 'Unable to resolve the request "bj2/index".' in /var/www/yii/framework/web/CWebApplication.php:286
Stack trace:
#0 /var/www/yii/framework/web/CWebApplication.php(141): CWebApplication->runController('bj2/index')
#1 /var/www/yii/framework/base/CApplication.php(184): CWebApplication->processRequest()
#2 /var/www/yii/index.php(11): CApplication->run()
#3 {main}
REQUEST_URI=/yii/index.php/bj2/index
---
2015/08/28 01:03:18 [error] [exception.CHttpException.404] exception 'CHttpException' with message 'Unable to resolve the request "bj2/index".' in /var/www/yii/framework/web/CWebApplication.php:286
Stack trace:
#0 /var/www/yii/framework/web/CWebApplication.php(141): CWebApplication->runController('bj2/index')
#1 /var/www/yii/framework/base/CApplication.php(184): CWebApplication->processRequest()
#2 /var/www/yii/index.php(11): CApplication->run()
#3 {main}
REQUEST_URI=/yii/index.php/bj2/index
---
2015/08/28 01:03:24 [error] [system.db.CDbCommand] CDbCommand::fetchAll() failed: SQLSTATE[42S02]: Base table or view not found: 1146 Table 'zhengsheng.tag' doesn't exist. The SQL statement executed was: SHOW FULL COLUMNS FROM `tag`.
2015/08/28 01:03:24 [error] [exception.CDbException] exception 'CDbException' with message 'The table "{{tag}}" for active record class "Tag" cannot be found in the database.' in /var/www/yii/framework/db/ar/CActiveRecord.php:2385
Stack trace:
#0 /var/www/yii/framework/db/ar/CActiveRecord.php(411): CActiveRecordMetaData->__construct(Object(Tag))
#1 /var/www/yii/framework/db/ar/CActiveRecord.php(661): CActiveRecord->getMetaData()
#2 /var/www/yii/framework/db/ar/CActiveRecord.php(1355): CActiveRecord->getTableSchema()
#3 /var/www/yii/framework/db/ar/CActiveRecord.php(1475): CActiveRecord->query(Object(CDbCriteria), true)
#4 /var/www/yii/protected/models/Tag.php(75): CActiveRecord->findAll(Array)
#5 /var/www/yii/protected/components/TagCloud.php(12): Tag->findTagWeights(20)
#6 /var/www/yii/framework/zii/widgets/CPortlet.php(97): TagCloud->renderContent()
#7 /var/www/yii/framework/web/CBaseController.php(181): CPortlet->run()
#8 /var/www/yii/protected/views/layouts/column2.php(14): CBaseController->widget('TagCloud', Array)
#9 /var/www/yii/framework/web/CBaseController.php(126): require('/var/www/yii/pr...')
#10 /var/www/yii/framework/web/CBaseController.php(95): CBaseController->renderInternal('/var/www/yii/pr...', Array, true)
#11 /var/www/yii/framework/web/CController.php(784): CBaseController->renderFile('/var/www/yii/pr...', Array, true)
#12 /var/www/yii/protected/controllers/BjController.php(128): CController->render('index', Array)
#13 /var/www/yii/framework/web/actions/CInlineAction.php(49): BjController->actionIndex()
#14 /var/www/yii/framework/web/CController.php(308): CInlineAction->runWithParams(Array)
#15 /var/www/yii/framework/web/filters/CFilterChain.php(133): CController->runAction(Object(CInlineAction))
#16 /var/www/yii/framework/web/filters/CFilter.php(40): CFilterChain->run()
#17 /var/www/yii/framework/web/CController.php(1145): CFilter->filter(Object(CFilterChain))
#18 /var/www/yii/framework/web/filters/CInlineFilter.php(58): CController->filterAccessControl(Object(CFilterChain))
#19 /var/www/yii/framework/web/filters/CFilterChain.php(130): CInlineFilter->filter(Object(CFilterChain))
#20 /var/www/yii/framework/web/CController.php(291): CFilterChain->run()
#21 /var/www/yii/framework/web/CController.php(265): CController->runActionWithFilters(Object(CInlineAction), Array)
#22 /var/www/yii/framework/web/CWebApplication.php(282): CController->run('index')
#23 /var/www/yii/framework/web/CWebApplication.php(141): CWebApplication->runController('bj/index')
#24 /var/www/yii/framework/base/CApplication.php(184): CWebApplication->processRequest()
#25 /var/www/yii/index.php(11): CApplication->run()
#26 {main}
REQUEST_URI=/yii/index.php/bj/index
---
2015/08/28 01:03:41 [error] [system.db.CDbCommand] CDbCommand::fetchAll() failed: SQLSTATE[42S02]: Base table or view not found: 1146 Table 'zhengsheng.tag' doesn't exist. The SQL statement executed was: SHOW FULL COLUMNS FROM `tag`.
2015/08/28 01:03:41 [error] [exception.CDbException] exception 'CDbException' with message 'The table "{{tag}}" for active record class "Tag" cannot be found in the database.' in /var/www/yii/framework/db/ar/CActiveRecord.php:2385
Stack trace:
#0 /var/www/yii/framework/db/ar/CActiveRecord.php(411): CActiveRecordMetaData->__construct(Object(Tag))
#1 /var/www/yii/framework/db/ar/CActiveRecord.php(661): CActiveRecord->getMetaData()
#2 /var/www/yii/framework/db/ar/CActiveRecord.php(1355): CActiveRecord->getTableSchema()
#3 /var/www/yii/framework/db/ar/CActiveRecord.php(1475): CActiveRecord->query(Object(CDbCriteria), true)
#4 /var/www/yii/protected/models/Tag.php(75): CActiveRecord->findAll(Array)
#5 /var/www/yii/protected/components/TagCloud.php(12): Tag->findTagWeights(20)
#6 /var/www/yii/framework/zii/widgets/CPortlet.php(97): TagCloud->renderContent()
#7 /var/www/yii/framework/web/CBaseController.php(181): CPortlet->run()
#8 /var/www/yii/protected/views/layouts/column2.php(14): CBaseController->widget('TagCloud', Array)
#9 /var/www/yii/framework/web/CBaseController.php(126): require('/var/www/yii/pr...')
#10 /var/www/yii/framework/web/CBaseController.php(95): CBaseController->renderInternal('/var/www/yii/pr...', Array, true)
#11 /var/www/yii/framework/web/CController.php(784): CBaseController->renderFile('/var/www/yii/pr...', Array, true)
#12 /var/www/yii/protected/controllers/BjController.php(128): CController->render('index', Array)
#13 /var/www/yii/framework/web/actions/CInlineAction.php(49): BjController->actionIndex()
#14 /var/www/yii/framework/web/CController.php(308): CInlineAction->runWithParams(Array)
#15 /var/www/yii/framework/web/filters/CFilterChain.php(133): CController->runAction(Object(CInlineAction))
#16 /var/www/yii/framework/web/filters/CFilter.php(40): CFilterChain->run()
#17 /var/www/yii/framework/web/CController.php(1145): CFilter->filter(Object(CFilterChain))
#18 /var/www/yii/framework/web/filters/CInlineFilter.php(58): CController->filterAccessControl(Object(CFilterChain))
#19 /var/www/yii/framework/web/filters/CFilterChain.php(130): CInlineFilter->filter(Object(CFilterChain))
#20 /var/www/yii/framework/web/CController.php(291): CFilterChain->run()
#21 /var/www/yii/framework/web/CController.php(265): CController->runActionWithFilters(Object(CInlineAction), Array)
#22 /var/www/yii/framework/web/CWebApplication.php(282): CController->run('index')
#23 /var/www/yii/framework/web/CWebApplication.php(141): CWebApplication->runController('bj/index')
#24 /var/www/yii/framework/base/CApplication.php(184): CWebApplication->processRequest()
#25 /var/www/yii/index.php(11): CApplication->run()
#26 {main}
REQUEST_URI=/yii/index.php/bj/index
---
2015/08/28 01:06:10 [error] [exception.CHttpException.404] exception 'CHttpException' with message 'The system is unable to find the requested action "manage".' in /var/www/yii/framework/web/CController.php:483
Stack trace:
#0 /var/www/yii/framework/web/CController.php(270): CController->missingAction('manage')
#1 /var/www/yii/framework/web/CWebApplication.php(282): CController->run('manage')
#2 /var/www/yii/framework/web/CWebApplication.php(141): CWebApplication->runController('bj/manage')
#3 /var/www/yii/framework/base/CApplication.php(184): CWebApplication->processRequest()
#4 /var/www/yii/index.php(11): CApplication->run()
#5 {main}
REQUEST_URI=/yii/index.php/bj/manage
---
2015/08/28 01:06:11 [error] [exception.CHttpException.404] exception 'CHttpException' with message 'The system is unable to find the requested action "manage".' in /var/www/yii/framework/web/CController.php:483
Stack trace:
#0 /var/www/yii/framework/web/CController.php(270): CController->missingAction('manage')
#1 /var/www/yii/framework/web/CWebApplication.php(282): CController->run('manage')
#2 /var/www/yii/framework/web/CWebApplication.php(141): CWebApplication->runController('bj/manage')
#3 /var/www/yii/framework/base/CApplication.php(184): CWebApplication->processRequest()
#4 /var/www/yii/index.php(11): CApplication->run()
#5 {main}
REQUEST_URI=/yii/index.php/bj/manage
---
2015/08/28 01:08:52 [error] [system.db.CDbCommand] CDbCommand::fetchAll() failed: SQLSTATE[42S02]: Base table or view not found: 1146 Table 'zhengsheng.post' doesn't exist. The SQL statement executed was: SHOW FULL COLUMNS FROM `post`.
2015/08/28 01:08:52 [error] [exception.CDbException] exception 'CDbException' with message 'The table "{{post}}" for active record class "Post" cannot be found in the database.' in /var/www/yii/framework/db/ar/CActiveRecord.php:2385
Stack trace:
#0 /var/www/yii/framework/db/ar/CActiveRecord.php(411): CActiveRecordMetaData->__construct(Object(Post))
#1 /var/www/yii/framework/db/ar/CActiveRecord.php(661): CActiveRecord->getMetaData()
#2 /var/www/yii/framework/db/ar/CActiveFinder.php(392): CActiveRecord->getTableSchema()
#3 /var/www/yii/framework/db/ar/CActiveFinder.php(47): CJoinElement->__construct(Object(CActiveFinder), Object(Post))
#4 /var/www/yii/framework/db/ar/CActiveRecord.php(912): CActiveFinder->__construct(Object(Post), 'commentCount')
#5 /var/www/yii/framework/db/ar/CActiveRecord.php(1609): CActiveRecord->getActiveFinder('commentCount')
#6 /var/www/yii/framework/web/CActiveDataProvider.php(228): CActiveRecord->count(Object(CDbCriteria))
#7 /var/www/yii/framework/web/CDataProvider.php(224): CActiveDataProvider->calculateTotalItemCount()
#8 /var/www/yii/framework/web/CActiveDataProvider.php(178): CDataProvider->getTotalItemCount()
#9 /var/www/yii/framework/web/CDataProvider.php(168): CActiveDataProvider->fetchData()
#10 /var/www/yii/framework/zii/widgets/CBaseListView.php(125): CDataProvider->getData()
#11 /var/www/yii/framework/zii/widgets/CListView.php(211): CBaseListView->init()
#12 /var/www/yii/framework/web/CBaseController.php(147): CListView->init()
#13 /var/www/yii/framework/web/CBaseController.php(180): CBaseController->createWidget('zii.widgets.CLi...', Array)
#14 /var/www/yii/protected/views/post/index.php(9): CBaseController->widget('zii.widgets.CLi...', Array)
#15 /var/www/yii/framework/web/CBaseController.php(126): require('/var/www/yii/pr...')
#16 /var/www/yii/framework/web/CBaseController.php(95): CBaseController->renderInternal('/var/www/yii/pr...', Array, true)
#17 /var/www/yii/framework/web/CController.php(869): CBaseController->renderFile('/var/www/yii/pr...', Array, true)
#18 /var/www/yii/framework/web/CController.php(782): CController->renderPartial('index', Array, true)
#19 /var/www/yii/protected/controllers/PostController.php(136): CController->render('index', Array)
#20 /var/www/yii/framework/web/actions/CInlineAction.php(49): PostController->actionIndex()
#21 /var/www/yii/framework/web/CController.php(308): CInlineAction->runWithParams(Array)
#22 /var/www/yii/framework/web/filters/CFilterChain.php(133): CController->runAction(Object(CInlineAction))
#23 /var/www/yii/framework/web/filters/CFilter.php(40): CFilterChain->run()
#24 /var/www/yii/framework/web/CController.php(1145): CFilter->filter(Object(CFilterChain))
#25 /var/www/yii/framework/web/filters/CInlineFilter.php(58): CController->filterAccessControl(Object(CFilterChain))
#26 /var/www/yii/framework/web/filters/CFilterChain.php(130): CInlineFilter->filter(Object(CFilterChain))
#27 /var/www/yii/framework/web/CController.php(291): CFilterChain->run()
#28 /var/www/yii/framework/web/CController.php(265): CController->runActionWithFilters(Object(CInlineAction), Array)
#29 /var/www/yii/framework/web/CWebApplication.php(282): CController->run('index')
#30 /var/www/yii/framework/web/CWebApplication.php(141): CWebApplication->runController('post/index')
#31 /var/www/yii/framework/base/CApplication.php(184): CWebApplication->processRequest()
#32 /var/www/yii/index.php(11): CApplication->run()
#33 {main}
REQUEST_URI=/yii/index.php/post/index
HTTP_REFERER=http://120.27.97.213:8080/yii/index.php/site/login
---
2015/08/28 01:09:17 [error] [system.db.CDbCommand] CDbCommand::fetchAll() failed: SQLSTATE[42S02]: Base table or view not found: 1146 Table 'zhengsheng.post' doesn't exist. The SQL statement executed was: SHOW FULL COLUMNS FROM `post`.
2015/08/28 01:09:17 [error] [exception.CDbException] exception 'CDbException' with message 'The table "{{post}}" for active record class "Post" cannot be found in the database.' in /var/www/yii/framework/db/ar/CActiveRecord.php:2385
Stack trace:
#0 /var/www/yii/framework/db/ar/CActiveRecord.php(411): CActiveRecordMetaData->__construct(Object(Post))
#1 /var/www/yii/framework/db/ar/CActiveRecord.php(661): CActiveRecord->getMetaData()
#2 /var/www/yii/framework/db/ar/CActiveFinder.php(392): CActiveRecord->getTableSchema()
#3 /var/www/yii/framework/db/ar/CActiveFinder.php(47): CJoinElement->__construct(Object(CActiveFinder), Object(Post))
#4 /var/www/yii/framework/db/ar/CActiveRecord.php(912): CActiveFinder->__construct(Object(Post), 'commentCount')
#5 /var/www/yii/framework/db/ar/CActiveRecord.php(1609): CActiveRecord->getActiveFinder('commentCount')
#6 /var/www/yii/framework/web/CActiveDataProvider.php(228): CActiveRecord->count(Object(CDbCriteria))
#7 /var/www/yii/framework/web/CDataProvider.php(224): CActiveDataProvider->calculateTotalItemCount()
#8 /var/www/yii/framework/web/CActiveDataProvider.php(178): CDataProvider->getTotalItemCount()
#9 /var/www/yii/framework/web/CDataProvider.php(168): CActiveDataProvider->fetchData()
#10 /var/www/yii/framework/zii/widgets/CBaseListView.php(125): CDataProvider->getData()
#11 /var/www/yii/framework/zii/widgets/CListView.php(211): CBaseListView->init()
#12 /var/www/yii/framework/web/CBaseController.php(147): CListView->init()
#13 /var/www/yii/framework/web/CBaseController.php(180): CBaseController->createWidget('zii.widgets.CLi...', Array)
#14 /var/www/yii/protected/views/post/index.php(9): CBaseController->widget('zii.widgets.CLi...', Array)
#15 /var/www/yii/framework/web/CBaseController.php(126): require('/var/www/yii/pr...')
#16 /var/www/yii/framework/web/CBaseController.php(95): CBaseController->renderInternal('/var/www/yii/pr...', Array, true)
#17 /var/www/yii/framework/web/CController.php(869): CBaseController->renderFile('/var/www/yii/pr...', Array, true)
#18 /var/www/yii/framework/web/CController.php(782): CController->renderPartial('index', Array, true)
#19 /var/www/yii/protected/controllers/PostController.php(136): CController->render('index', Array)
#20 /var/www/yii/framework/web/actions/CInlineAction.php(49): PostController->actionIndex()
#21 /var/www/yii/framework/web/CController.php(308): CInlineAction->runWithParams(Array)
#22 /var/www/yii/framework/web/filters/CFilterChain.php(133): CController->runAction(Object(CInlineAction))
#23 /var/www/yii/framework/web/filters/CFilter.php(40): CFilterChain->run()
#24 /var/www/yii/framework/web/CController.php(1145): CFilter->filter(Object(CFilterChain))
#25 /var/www/yii/framework/web/filters/CInlineFilter.php(58): CController->filterAccessControl(Object(CFilterChain))
#26 /var/www/yii/framework/web/filters/CFilterChain.php(130): CInlineFilter->filter(Object(CFilterChain))
#27 /var/www/yii/framework/web/CController.php(291): CFilterChain->run()
#28 /var/www/yii/framework/web/CController.php(265): CController->runActionWithFilters(Object(CInlineAction), Array)
#29 /var/www/yii/framework/web/CWebApplication.php(282): CController->run('')
#30 /var/www/yii/framework/web/CWebApplication.php(141): CWebApplication->runController(false)
#31 /var/www/yii/framework/base/CApplication.php(184): CWebApplication->processRequest()
#32 /var/www/yii/index.php(11): CApplication->run()
#33 {main}
REQUEST_URI=/yii/index.php
HTTP_REFERER=http://120.27.97.213:8080/yii/index.php/bj/update?id=1
---
2015/08/28 01:09:18 [error] [system.db.CDbCommand] CDbCommand::fetchAll() failed: SQLSTATE[42S02]: Base table or view not found: 1146 Table 'zhengsheng.post' doesn't exist. The SQL statement executed was: SHOW FULL COLUMNS FROM `post`.
2015/08/28 01:09:18 [error] [exception.CDbException] exception 'CDbException' with message 'The table "{{post}}" for active record class "Post" cannot be found in the database.' in /var/www/yii/framework/db/ar/CActiveRecord.php:2385
Stack trace:
#0 /var/www/yii/framework/db/ar/CActiveRecord.php(411): CActiveRecordMetaData->__construct(Object(Post))
#1 /var/www/yii/framework/db/ar/CActiveRecord.php(661): CActiveRecord->getMetaData()
#2 /var/www/yii/framework/db/ar/CActiveFinder.php(392): CActiveRecord->getTableSchema()
#3 /var/www/yii/framework/db/ar/CActiveFinder.php(47): CJoinElement->__construct(Object(CActiveFinder), Object(Post))
#4 /var/www/yii/framework/db/ar/CActiveRecord.php(912): CActiveFinder->__construct(Object(Post), 'commentCount')
#5 /var/www/yii/framework/db/ar/CActiveRecord.php(1609): CActiveRecord->getActiveFinder('commentCount')
#6 /var/www/yii/framework/web/CActiveDataProvider.php(228): CActiveRecord->count(Object(CDbCriteria))
#7 /var/www/yii/framework/web/CDataProvider.php(224): CActiveDataProvider->calculateTotalItemCount()
#8 /var/www/yii/framework/web/CActiveDataProvider.php(178): CDataProvider->getTotalItemCount()
#9 /var/www/yii/framework/web/CDataProvider.php(168): CActiveDataProvider->fetchData()
#10 /var/www/yii/framework/zii/widgets/CBaseListView.php(125): CDataProvider->getData()
#11 /var/www/yii/framework/zii/widgets/CListView.php(211): CBaseListView->init()
#12 /var/www/yii/framework/web/CBaseController.php(147): CListView->init()
#13 /var/www/yii/framework/web/CBaseController.php(180): CBaseController->createWidget('zii.widgets.CLi...', Array)
#14 /var/www/yii/protected/views/post/index.php(9): CBaseController->widget('zii.widgets.CLi...', Array)
#15 /var/www/yii/framework/web/CBaseController.php(126): require('/var/www/yii/pr...')
#16 /var/www/yii/framework/web/CBaseController.php(95): CBaseController->renderInternal('/var/www/yii/pr...', Array, true)
#17 /var/www/yii/framework/web/CController.php(869): CBaseController->renderFile('/var/www/yii/pr...', Array, true)
#18 /var/www/yii/framework/web/CController.php(782): CController->renderPartial('index', Array, true)
#19 /var/www/yii/protected/controllers/PostController.php(136): CController->render('index', Array)
#20 /var/www/yii/framework/web/actions/CInlineAction.php(49): PostController->actionIndex()
#21 /var/www/yii/framework/web/CController.php(308): CInlineAction->runWithParams(Array)
#22 /var/www/yii/framework/web/filters/CFilterChain.php(133): CController->runAction(Object(CInlineAction))
#23 /var/www/yii/framework/web/filters/CFilter.php(40): CFilterChain->run()
#24 /var/www/yii/framework/web/CController.php(1145): CFilter->filter(Object(CFilterChain))
#25 /var/www/yii/framework/web/filters/CInlineFilter.php(58): CController->filterAccessControl(Object(CFilterChain))
#26 /var/www/yii/framework/web/filters/CFilterChain.php(130): CInlineFilter->filter(Object(CFilterChain))
#27 /var/www/yii/framework/web/CController.php(291): CFilterChain->run()
#28 /var/www/yii/framework/web/CController.php(265): CController->runActionWithFilters(Object(CInlineAction), Array)
#29 /var/www/yii/framework/web/CWebApplication.php(282): CController->run('')
#30 /var/www/yii/framework/web/CWebApplication.php(141): CWebApplication->runController(false)
#31 /var/www/yii/framework/base/CApplication.php(184): CWebApplication->processRequest()
#32 /var/www/yii/index.php(11): CApplication->run()
#33 {main}
REQUEST_URI=/yii/index.php
---
2015/08/28 01:12:09 [error] [system.db.CDbCommand] CDbCommand::fetchAll() failed: SQLSTATE[42S02]: Base table or view not found: 1146 Table 'zhengsheng.post' doesn't exist. The SQL statement executed was: SHOW FULL COLUMNS FROM `post`.
2015/08/28 01:12:09 [error] [exception.CDbException] exception 'CDbException' with message 'The table "{{post}}" for active record class "Post" cannot be found in the database.' in /var/www/yii/framework/db/ar/CActiveRecord.php:2385
Stack trace:
#0 /var/www/yii/framework/db/ar/CActiveRecord.php(411): CActiveRecordMetaData->__construct(Object(Post))
#1 /var/www/yii/framework/db/ar/CActiveRecord.php(661): CActiveRecord->getMetaData()
#2 /var/www/yii/framework/db/ar/CActiveFinder.php(392): CActiveRecord->getTableSchema()
#3 /var/www/yii/framework/db/ar/CActiveFinder.php(47): CJoinElement->__construct(Object(CActiveFinder), Object(Post))
#4 /var/www/yii/framework/db/ar/CActiveRecord.php(912): CActiveFinder->__construct(Object(Post), 'commentCount')
#5 /var/www/yii/framework/db/ar/CActiveRecord.php(1609): CActiveRecord->getActiveFinder('commentCount')
#6 /var/www/yii/framework/web/CActiveDataProvider.php(228): CActiveRecord->count(Object(CDbCriteria))
#7 /var/www/yii/framework/web/CDataProvider.php(224): CActiveDataProvider->calculateTotalItemCount()
#8 /var/www/yii/framework/web/CActiveDataProvider.php(178): CDataProvider->getTotalItemCount()
#9 /var/www/yii/framework/web/CDataProvider.php(168): CActiveDataProvider->fetchData()
#10 /var/www/yii/framework/zii/widgets/CBaseListView.php(125): CDataProvider->getData()
#11 /var/www/yii/framework/zii/widgets/CListView.php(211): CBaseListView->init()
#12 /var/www/yii/framework/web/CBaseController.php(147): CListView->init()
#13 /var/www/yii/framework/web/CBaseController.php(180): CBaseController->createWidget('zii.widgets.CLi...', Array)
#14 /var/www/yii/protected/views/post/index.php(9): CBaseController->widget('zii.widgets.CLi...', Array)
#15 /var/www/yii/framework/web/CBaseController.php(126): require('/var/www/yii/pr...')
#16 /var/www/yii/framework/web/CBaseController.php(95): CBaseController->renderInternal('/var/www/yii/pr...', Array, true)
#17 /var/www/yii/framework/web/CController.php(869): CBaseController->renderFile('/var/www/yii/pr...', Array, true)
#18 /var/www/yii/framework/web/CController.php(782): CController->renderPartial('index', Array, true)
#19 /var/www/yii/protected/controllers/PostController.php(136): CController->render('index', Array)
#20 /var/www/yii/framework/web/actions/CInlineAction.php(49): PostController->actionIndex()
#21 /var/www/yii/framework/web/CController.php(308): CInlineAction->runWithParams(Array)
#22 /var/www/yii/framework/web/filters/CFilterChain.php(133): CController->runAction(Object(CInlineAction))
#23 /var/www/yii/framework/web/filters/CFilter.php(40): CFilterChain->run()
#24 /var/www/yii/framework/web/CController.php(1145): CFilter->filter(Object(CFilterChain))
#25 /var/www/yii/framework/web/filters/CInlineFilter.php(58): CController->filterAccessControl(Object(CFilterChain))
#26 /var/www/yii/framework/web/filters/CFilterChain.php(130): CInlineFilter->filter(Object(CFilterChain))
#27 /var/www/yii/framework/web/CController.php(291): CFilterChain->run()
#28 /var/www/yii/framework/web/CController.php(265): CController->runActionWithFilters(Object(CInlineAction), Array)
#29 /var/www/yii/framework/web/CWebApplication.php(282): CController->run('index')
#30 /var/www/yii/framework/web/CWebApplication.php(141): CWebApplication->runController('post/index')
#31 /var/www/yii/framework/base/CApplication.php(184): CWebApplication->processRequest()
#32 /var/www/yii/index.php(11): CApplication->run()
#33 {main}
REQUEST_URI=/yii/index.php/post/index
HTTP_REFERER=http://120.27.97.213:8080/yii/index.php/site/contact
---
2015/08/28 01:12:23 [error] [system.db.CDbCommand] CDbCommand::fetchAll() failed: SQLSTATE[42S02]: Base table or view not found: 1146 Table 'zhengsheng.post' doesn't exist. The SQL statement executed was: SHOW FULL COLUMNS FROM `post`.
2015/08/28 01:12:23 [error] [exception.CDbException] exception 'CDbException' with message 'The table "{{post}}" for active record class "Post" cannot be found in the database.' in /var/www/yii/framework/db/ar/CActiveRecord.php:2385
Stack trace:
#0 /var/www/yii/framework/db/ar/CActiveRecord.php(411): CActiveRecordMetaData->__construct(Object(Post))
#1 /var/www/yii/framework/db/ar/CActiveRecord.php(661): CActiveRecord->getMetaData()
#2 /var/www/yii/framework/db/ar/CActiveFinder.php(392): CActiveRecord->getTableSchema()
#3 /var/www/yii/framework/db/ar/CActiveFinder.php(47): CJoinElement->__construct(Object(CActiveFinder), Object(Post))
#4 /var/www/yii/framework/db/ar/CActiveRecord.php(912): CActiveFinder->__construct(Object(Post), 'commentCount')
#5 /var/www/yii/framework/db/ar/CActiveRecord.php(1609): CActiveRecord->getActiveFinder('commentCount')
#6 /var/www/yii/framework/web/CActiveDataProvider.php(228): CActiveRecord->count(Object(CDbCriteria))
#7 /var/www/yii/framework/web/CDataProvider.php(224): CActiveDataProvider->calculateTotalItemCount()
#8 /var/www/yii/framework/web/CActiveDataProvider.php(178): CDataProvider->getTotalItemCount()
#9 /var/www/yii/framework/web/CDataProvider.php(168): CActiveDataProvider->fetchData()
#10 /var/www/yii/framework/zii/widgets/CBaseListView.php(125): CDataProvider->getData()
#11 /var/www/yii/framework/zii/widgets/CListView.php(211): CBaseListView->init()
#12 /var/www/yii/framework/web/CBaseController.php(147): CListView->init()
#13 /var/www/yii/framework/web/CBaseController.php(180): CBaseController->createWidget('zii.widgets.CLi...', Array)
#14 /var/www/yii/protected/views/post/index.php(9): CBaseController->widget('zii.widgets.CLi...', Array)
#15 /var/www/yii/framework/web/CBaseController.php(126): require('/var/www/yii/pr...')
#16 /var/www/yii/framework/web/CBaseController.php(95): CBaseController->renderInternal('/var/www/yii/pr...', Array, true)
#17 /var/www/yii/framework/web/CController.php(869): CBaseController->renderFile('/var/www/yii/pr...', Array, true)
#18 /var/www/yii/framework/web/CController.php(782): CController->renderPartial('index', Array, true)
#19 /var/www/yii/protected/controllers/PostController.php(136): CController->render('index', Array)
#20 /var/www/yii/framework/web/actions/CInlineAction.php(49): PostController->actionIndex()
#21 /var/www/yii/framework/web/CController.php(308): CInlineAction->runWithParams(Array)
#22 /var/www/yii/framework/web/filters/CFilterChain.php(133): CController->runAction(Object(CInlineAction))
#23 /var/www/yii/framework/web/filters/CFilter.php(40): CFilterChain->run()
#24 /var/www/yii/framework/web/CController.php(1145): CFilter->filter(Object(CFilterChain))
#25 /var/www/yii/framework/web/filters/CInlineFilter.php(58): CController->filterAccessControl(Object(CFilterChain))
#26 /var/www/yii/framework/web/filters/CFilterChain.php(130): CInlineFilter->filter(Object(CFilterChain))
#27 /var/www/yii/framework/web/CController.php(291): CFilterChain->run()
#28 /var/www/yii/framework/web/CController.php(265): CController->runActionWithFilters(Object(CInlineAction), Array)
#29 /var/www/yii/framework/web/CWebApplication.php(282): CController->run('index')
#30 /var/www/yii/framework/web/CWebApplication.php(141): CWebApplication->runController('post/index')
#31 /var/www/yii/framework/base/CApplication.php(184): CWebApplication->processRequest()
#32 /var/www/yii/index.php(11): CApplication->run()
#33 {main}
REQUEST_URI=/yii/index.php/post/index
HTTP_REFERER=http://120.27.97.213:8080/yii/index.php/site/contact
---
